<?xml version="1.0" encoding="UTF-8"?>
<testng-results ignored="0" total="1" passed="1" failed="0" skipped="0">
  <reporter-output>
  </reporter-output>
  <suite started-at="2024-07-16T15:02:54 IST" name="Default suite" finished-at="2024-07-16T15:03:28 IST" duration-ms="33831">
    <groups>
    </groups>
    <test started-at="2024-07-16T15:02:54 IST" name="Default test" finished-at="2024-07-16T15:03:28 IST" duration-ms="33831">
      <class name="ShopertestPKG.TestClass">
        <test-method is-config="true" signature="set()[pri:0, instance:ShopertestPKG.TestClass@729d991e]" started-at="2024-07-16T15:02:54 IST" name="set" finished-at="2024-07-16T15:02:56 IST" duration-ms="1682" status="PASS">
          <reporter-output>
          </reporter-output>
        </test-method> <!-- set -->
        <test-method is-config="true" signature="url()[pri:0, instance:ShopertestPKG.TestClass@729d991e]" started-at="2024-07-16T15:02:56 IST" name="url" finished-at="2024-07-16T15:03:01 IST" duration-ms="5164" status="PASS">
          <reporter-output>
          </reporter-output>
        </test-method> <!-- url -->
        <test-method signature="test()[pri:0, instance:ShopertestPKG.TestClass@729d991e]" started-at="2024-07-16T15:03:01 IST" name="test" finished-at="2024-07-16T15:03:28 IST" duration-ms="26949" status="PASS">
          <reporter-output>
          </reporter-output>
        </test-method> <!-- test -->
      </class> <!-- ShopertestPKG.TestClass -->
    </test> <!-- Default test -->
  </suite> <!-- Default suite -->
</testng-results>
